GPU ANGLE (Radeon RX 580 Series Direct3D11 vs_5_0 ps_5_0) (Google Inc.)
OpenGL OpenGL ES 3.0.0 (ANGLE 2.1.0.54a3d7cbcadb)
[Atlas] Texture size is: 4096x4096 (max: 16384x16384)
Found work dir at 'D:/Ascension/NTO Ascension - Open/'
== application started at Nov 06 2025 20:30:51
NTO Ascension 3.2 rev 0 (dev) made by otclient.net built on Nov  5 2025 for arch x86
Login to 191.101.78.116:7172
ERROR: failed to save OTMM minimap: rename: Acesso negado.: "C:\Users\rapha\AppData\Roaming\OTClientV8\NTO Ascension\/minimap.otmm.tmp", "C:\Users\rapha\AppData\Roaming\OTClientV8\NTO Ascension\/minimap.otmm"
Exiting application..
WARNING: attempt to destroy widget 'PetButton' two times
WARNING: attempt to destroy widget 'otherMenu' two times
WARNING: widget 'widget1482' was not explicitly destroyed
GPU ANGLE (Radeon RX 580 Series Direct3D11 vs_5_0 ps_5_0) (Google Inc.)
OpenGL OpenGL ES 3.0.0 (ANGLE 2.1.0.54a3d7cbcadb)
[Atlas] Texture size is: 4096x4096 (max: 16384x16384)
Found work dir at 'D:/Ascension/NTO Ascension - Open/'
== application started at Nov 07 2025 10:25:47
NTO Ascension 3.2 rev 0 (dev) made by otclient.net built on Nov  5 2025 for arch x86
Exiting application..
WARNING: attempt to destroy widget 'PetButton' two times
ERROR: failed to create widget from style 'QueueWindow': 'QueueWindow' is not a defined style
ERROR: Lua error: /modules/game_pvp/pvp.lua:1970: attempt to index field 'window' (a nil value)
stack traceback:
	[C]: in function '__index'
	/modules/game_pvp/pvp.lua:1970: in function 'ensureQueueWindow'
	/modules/game_pvp/pvp.lua:2055: in function '_hideQueueWindow'
	/modules/game_pvp/pvp.lua:2203: in function '_cleanupOnClose'
	/modules/game_pvp/pvp.lua:2470: in function 'terminate'
	/modules/game_pvp/pvp.otmod:8:[@onUnload]:1: in main chunk
ERROR: Unable to unload module 'game_pvp': LUA ERROR:
/modules/game_pvp/pvp.lua:1970: attempt to index field 'window' (a nil value)
stack traceback:
	[C]: in function '__index'
	/modules/game_pvp/pvp.lua:1970: in function 'ensureQueueWindow'
	/modules/game_pvp/pvp.lua:2055: in function '_hideQueueWindow'
	/modules/game_pvp/pvp.lua:2203: in function '_cleanupOnClose'
	/modules/game_pvp/pvp.lua:2470: in function 'terminate'
	/modules/game_pvp/pvp.otmod:8:[@onUnload]:1: in main chunk
WARNING: attempt to destroy widget 'otherMenu' two times
WARNING: widget 'widget1482' was not explicitly destroyed
WARNING: widget 'widget1478' was not explicitly destroyed
GPU ANGLE (Radeon RX 580 Series Direct3D11 vs_5_0 ps_5_0) (Google Inc.)
OpenGL OpenGL ES 3.0.0 (ANGLE 2.1.0.54a3d7cbcadb)
[Atlas] Texture size is: 4096x4096 (max: 16384x16384)
Found work dir at 'D:/Ascension/NTO Ascension - Open/'
== application started at Nov 07 2025 10:27:32
NTO Ascension 3.2 rev 0 (dev) made by otclient.net built on Nov  5 2025 for arch x86
Exiting application..
WARNING: attempt to destroy widget 'PetButton' two times
ERROR: failed to create widget from style 'QueueWindow': 'QueueWindow' is not a defined style
ERROR: Lua error: /modules/game_pvp/pvp.lua:1970: attempt to index field 'window' (a nil value)
stack traceback:
	[C]: in function '__index'
	/modules/game_pvp/pvp.lua:1970: in function 'ensureQueueWindow'
	/modules/game_pvp/pvp.lua:2055: in function '_hideQueueWindow'
	/modules/game_pvp/pvp.lua:2203: in function '_cleanupOnClose'
	/modules/game_pvp/pvp.lua:2470: in function 'terminate'
	/modules/game_pvp/pvp.otmod:8:[@onUnload]:1: in main chunk
ERROR: Unable to unload module 'game_pvp': LUA ERROR:
/modules/game_pvp/pvp.lua:1970: attempt to index field 'window' (a nil value)
stack traceback:
	[C]: in function '__index'
	/modules/game_pvp/pvp.lua:1970: in function 'ensureQueueWindow'
	/modules/game_pvp/pvp.lua:2055: in function '_hideQueueWindow'
	/modules/game_pvp/pvp.lua:2203: in function '_cleanupOnClose'
	/modules/game_pvp/pvp.lua:2470: in function 'terminate'
	/modules/game_pvp/pvp.otmod:8:[@onUnload]:1: in main chunk
WARNING: attempt to destroy widget 'otherMenu' two times
WARNING: widget 'widget1482' was not explicitly destroyed
WARNING: widget 'widget1478' was not explicitly destroyed
GPU ANGLE (Radeon RX 580 Series Direct3D11 vs_5_0 ps_5_0) (Google Inc.)
OpenGL OpenGL ES 3.0.0 (ANGLE 2.1.0.54a3d7cbcadb)
[Atlas] Texture size is: 4096x4096 (max: 16384x16384)
Found work dir at 'D:/Ascension/NTO Ascension - Open/'
== application started at Nov 07 2025 12:08:00
NTO Ascension 3.2 rev 0 (dev) made by otclient.net built on Nov  5 2025 for arch x86
Exiting application..
WARNING: attempt to destroy widget 'PetButton' two times
ERROR: failed to create widget from style 'QueueWindow': 'QueueWindow' is not a defined style
ERROR: Lua error: /modules/game_pvp/pvp.lua:1970: attempt to index field 'window' (a nil value)
stack traceback:
	[C]: in function '__index'
	/modules/game_pvp/pvp.lua:1970: in function 'ensureQueueWindow'
	/modules/game_pvp/pvp.lua:2055: in function '_hideQueueWindow'
	/modules/game_pvp/pvp.lua:2203: in function '_cleanupOnClose'
	/modules/game_pvp/pvp.lua:2470: in function 'terminate'
	/modules/game_pvp/pvp.otmod:8:[@onUnload]:1: in main chunk
ERROR: Unable to unload module 'game_pvp': LUA ERROR:
/modules/game_pvp/pvp.lua:1970: attempt to index field 'window' (a nil value)
stack traceback:
	[C]: in function '__index'
	/modules/game_pvp/pvp.lua:1970: in function 'ensureQueueWindow'
	/modules/game_pvp/pvp.lua:2055: in function '_hideQueueWindow'
	/modules/game_pvp/pvp.lua:2203: in function '_cleanupOnClose'
	/modules/game_pvp/pvp.lua:2470: in function 'terminate'
	/modules/game_pvp/pvp.otmod:8:[@onUnload]:1: in main chunk
WARNING: attempt to destroy widget 'otherMenu' two times
WARNING: widget 'widget1482' was not explicitly destroyed
WARNING: widget 'widget1478' was not explicitly destroyed
GPU ANGLE (Radeon RX 580 Series Direct3D11 vs_5_0 ps_5_0) (Google Inc.)
OpenGL OpenGL ES 3.0.0 (ANGLE 2.1.0.54a3d7cbcadb)
[Atlas] Texture size is: 4096x4096 (max: 16384x16384)
Found work dir at 'D:/Ascension/NTO Ascension - Open - Copia (2)/'
== application started at Nov 07 2025 16:49:20
NTO Ascension 3.2 rev 0 (dev) made by otclient.net built on Nov  5 2025 for arch x86
Exiting application..
WARNING: attempt to destroy widget 'PetButton' two times
ERROR: failed to create widget from style 'QueueWindow': 'QueueWindow' is not a defined style
ERROR: Lua error: /modules/game_pvp/pvp.lua:1970: attempt to index field 'window' (a nil value)
stack traceback:
	[C]: in function '__index'
	/modules/game_pvp/pvp.lua:1970: in function 'ensureQueueWindow'
	/modules/game_pvp/pvp.lua:2055: in function '_hideQueueWindow'
	/modules/game_pvp/pvp.lua:2203: in function '_cleanupOnClose'
	/modules/game_pvp/pvp.lua:2470: in function 'terminate'
	/modules/game_pvp/pvp.otmod:8:[@onUnload]:1: in main chunk
ERROR: Unable to unload module 'game_pvp': LUA ERROR:
/modules/game_pvp/pvp.lua:1970: attempt to index field 'window' (a nil value)
stack traceback:
	[C]: in function '__index'
	/modules/game_pvp/pvp.lua:1970: in function 'ensureQueueWindow'
	/modules/game_pvp/pvp.lua:2055: in function '_hideQueueWindow'
	/modules/game_pvp/pvp.lua:2203: in function '_cleanupOnClose'
	/modules/game_pvp/pvp.lua:2470: in function 'terminate'
	/modules/game_pvp/pvp.otmod:8:[@onUnload]:1: in main chunk
WARNING: attempt to destroy widget 'otherMenu' two times
WARNING: widget 'widget1482' was not explicitly destroyed
WARNING: widget 'widget1478' was not explicitly destroyed
GPU ANGLE (Radeon RX 580 Series Direct3D11 vs_5_0 ps_5_0) (Google Inc.)
OpenGL OpenGL ES 3.0.0 (ANGLE 2.1.0.54a3d7cbcadb)
[Atlas] Texture size is: 4096x4096 (max: 16384x16384)
Found work dir at 'D:/Ascension/NTO Ascension - Open - Copia (2)/'
== application started at Nov 07 2025 16:56:30
NTO Ascension 3.2 rev 0 (dev) made by otclient.net built on Nov  5 2025 for arch x86
Exiting application..
WARNING: attempt to destroy widget 'PetButton' two times
ERROR: failed to create widget from style 'QueueWindow': 'QueueWindow' is not a defined style
ERROR: Lua error: /modules/game_pvp/pvp.lua:1970: attempt to index field 'window' (a nil value)
stack traceback:
	[C]: in function '__index'
	/modules/game_pvp/pvp.lua:1970: in function 'ensureQueueWindow'
	/modules/game_pvp/pvp.lua:2055: in function '_hideQueueWindow'
	/modules/game_pvp/pvp.lua:2203: in function '_cleanupOnClose'
	/modules/game_pvp/pvp.lua:2470: in function 'terminate'
	/modules/game_pvp/pvp.otmod:8:[@onUnload]:1: in main chunk
ERROR: Unable to unload module 'game_pvp': LUA ERROR:
/modules/game_pvp/pvp.lua:1970: attempt to index field 'window' (a nil value)
stack traceback:
	[C]: in function '__index'
	/modules/game_pvp/pvp.lua:1970: in function 'ensureQueueWindow'
	/modules/game_pvp/pvp.lua:2055: in function '_hideQueueWindow'
	/modules/game_pvp/pvp.lua:2203: in function '_cleanupOnClose'
	/modules/game_pvp/pvp.lua:2470: in function 'terminate'
	/modules/game_pvp/pvp.otmod:8:[@onUnload]:1: in main chunk
WARNING: attempt to destroy widget 'otherMenu' two times
WARNING: widget 'widget1482' was not explicitly destroyed
WARNING: widget 'widget1478' was not explicitly destroyed
GPU ANGLE (Radeon RX 580 Series Direct3D11 vs_5_0 ps_5_0) (Google Inc.)
OpenGL OpenGL ES 3.0.0 (ANGLE 2.1.0.54a3d7cbcadb)
[Atlas] Texture size is: 4096x4096 (max: 16384x16384)
Found work dir at 'D:/Ascension/NTO Ascension - Open - Copia (2)/'
== application started at Nov 07 2025 16:57:55
NTO Ascension 3.2 rev 0 (dev) made by otclient.net built on Nov  5 2025 for arch x86
Exiting application..
WARNING: attempt to destroy widget 'PetButton' two times
ERROR: failed to create widget from style 'QueueWindow': 'QueueWindow' is not a defined style
ERROR: Lua error: /modules/game_pvp/pvp.lua:1970: attempt to index field 'window' (a nil value)
stack traceback:
	[C]: in function '__index'
	/modules/game_pvp/pvp.lua:1970: in function 'ensureQueueWindow'
	/modules/game_pvp/pvp.lua:2055: in function '_hideQueueWindow'
	/modules/game_pvp/pvp.lua:2203: in function '_cleanupOnClose'
	/modules/game_pvp/pvp.lua:2470: in function 'terminate'
	/modules/game_pvp/pvp.otmod:8:[@onUnload]:1: in main chunk
ERROR: Unable to unload module 'game_pvp': LUA ERROR:
/modules/game_pvp/pvp.lua:1970: attempt to index field 'window' (a nil value)
stack traceback:
	[C]: in function '__index'
	/modules/game_pvp/pvp.lua:1970: in function 'ensureQueueWindow'
	/modules/game_pvp/pvp.lua:2055: in function '_hideQueueWindow'
	/modules/game_pvp/pvp.lua:2203: in function '_cleanupOnClose'
	/modules/game_pvp/pvp.lua:2470: in function 'terminate'
	/modules/game_pvp/pvp.otmod:8:[@onUnload]:1: in main chunk
WARNING: attempt to destroy widget 'otherMenu' two times
WARNING: widget 'widget1482' was not explicitly destroyed
WARNING: widget 'widget1478' was not explicitly destroyed
GPU ANGLE (Radeon RX 580 Series Direct3D11 vs_5_0 ps_5_0) (Google Inc.)
OpenGL OpenGL ES 3.0.0 (ANGLE 2.1.0.54a3d7cbcadb)
[Atlas] Texture size is: 4096x4096 (max: 16384x16384)
Found work dir at 'D:/Ascension/NTO Ascension - Open - Copia (2)/'
== application started at Nov 07 2025 16:58:16
NTO Ascension 3.2 rev 0 (dev) made by otclient.net built on Nov  5 2025 for arch x86
Exiting application..
WARNING: attempt to destroy widget 'PetButton' two times
ERROR: failed to create widget from style 'QueueWindow': 'QueueWindow' is not a defined style
ERROR: Lua error: /modules/game_pvp/pvp.lua:1970: attempt to index field 'window' (a nil value)
stack traceback:
	[C]: in function '__index'
	/modules/game_pvp/pvp.lua:1970: in function 'ensureQueueWindow'
	/modules/game_pvp/pvp.lua:2055: in function '_hideQueueWindow'
	/modules/game_pvp/pvp.lua:2203: in function '_cleanupOnClose'
	/modules/game_pvp/pvp.lua:2470: in function 'terminate'
	/modules/game_pvp/pvp.otmod:8:[@onUnload]:1: in main chunk
ERROR: Unable to unload module 'game_pvp': LUA ERROR:
/modules/game_pvp/pvp.lua:1970: attempt to index field 'window' (a nil value)
stack traceback:
	[C]: in function '__index'
	/modules/game_pvp/pvp.lua:1970: in function 'ensureQueueWindow'
	/modules/game_pvp/pvp.lua:2055: in function '_hideQueueWindow'
	/modules/game_pvp/pvp.lua:2203: in function '_cleanupOnClose'
	/modules/game_pvp/pvp.lua:2470: in function 'terminate'
	/modules/game_pvp/pvp.otmod:8:[@onUnload]:1: in main chunk
WARNING: attempt to destroy widget 'otherMenu' two times
WARNING: widget 'widget1482' was not explicitly destroyed
WARNING: widget 'widget1478' was not explicitly destroyed
GPU ANGLE (Radeon RX 580 Series Direct3D11 vs_5_0 ps_5_0) (Google Inc.)
OpenGL OpenGL ES 3.0.0 (ANGLE 2.1.0.54a3d7cbcadb)
[Atlas] Texture size is: 4096x4096 (max: 16384x16384)
Found work dir at 'D:/Ascension/NTO Ascension - Open - Copia (2)/'
== application started at Nov 07 2025 16:58:41
NTO Ascension 3.2 rev 0 (dev) made by otclient.net built on Nov  5 2025 for arch x86
Login to 181.215.236.44:7172
ERROR: failed to save OTMM minimap: rename: Acesso negado.: "C:\Users\rapha\AppData\Roaming\OTClientV8\NTO Ascension\/minimap.otmm.tmp", "C:\Users\rapha\AppData\Roaming\OTClientV8\NTO Ascension\/minimap.otmm"
Login to 181.215.236.44:7172
ERROR: failed to save OTMM minimap: rename: Acesso negado.: "C:\Users\rapha\AppData\Roaming\OTClientV8\NTO Ascension\/minimap.otmm.tmp", "C:\Users\rapha\AppData\Roaming\OTClientV8\NTO Ascension\/minimap.otmm"
WARNING: attempt to destroy widget 'widget1478' two times
Login to 181.215.236.44:7172
ERROR: failed to save OTMM minimap: rename: Acesso negado.: "C:\Users\rapha\AppData\Roaming\OTClientV8\NTO Ascension\/minimap.otmm.tmp", "C:\Users\rapha\AppData\Roaming\OTClientV8\NTO Ascension\/minimap.otmm"
WARNING: attempt to destroy widget 'widget1478' two times
Login to 181.215.236.44:7172
ERROR: failed to save OTMM minimap: rename: Acesso negado.: "C:\Users\rapha\AppData\Roaming\OTClientV8\NTO Ascension\/minimap.otmm.tmp", "C:\Users\rapha\AppData\Roaming\OTClientV8\NTO Ascension\/minimap.otmm"
WARNING: attempt to destroy widget 'widget1478' two times
Exiting application..
WARNING: attempt to destroy widget 'PetButton' two times
WARNING: attempt to destroy widget 'otherMenu' two times
WARNING: widget 'widget1482' was not explicitly destroyed
